This is pdfTeX, Version 3.141592653-2.6-1.40.29 (MiKTeX 26.2) (preloaded format=pdflatex 2026.5.6)  20 JUN 2026 09:36
entering extended mode
 restricted \write18 enabled.
 %&-line parsing enabled.
**./PGOB_supplementary.tex
(PGOB_supplementary.tex
LaTeX2e <2025-11-01>
L3 programming layer <2026-03-20>
(C:\Users\1\AppData\Local\Programs\MiKTeX\tex/latex/base\article.cls
Document Class: article 2025/01/22 v1.4n Standard LaTeX document class
(C:\Users\1\AppData\Local\Programs\MiKTeX\tex/latex/base\size11.clo
File: size11.clo 2025/01/22 v1.4n Standard LaTeX file (size option)
)
\c@part=\count275
\c@section=\count276
\c@subsection=\count277
\c@subsubsection=\count278
\c@paragraph=\count279
\c@subparagraph=\count280
\c@figure=\count281
\c@table=\count282
\abovecaptionskip=\skip49
\belowcaptionskip=\skip50
\bibindent=\dimen150
)
(C:\Users\1\AppData\Local\Programs\MiKTeX\tex/latex/geometry\geometry.sty
Package: geometry 2026/03/07 v6.0 Page Geometry

(C:\Users\1\AppData\Local\Programs\MiKTeX\tex/latex/graphics\keyval.sty
Package: keyval 2022/05/29 v1.15 key=value parser (DPC)
\KV@toks@=\toks17
)
(C:\Users\1\AppData\Local\Programs\MiKTeX\tex/generic/iftex\ifvtex.sty
Package: ifvtex 2019/10/25 v1.7 ifvtex legacy package. Use iftex instead.

(C:\Users\1\AppData\Local\Programs\MiKTeX\tex/generic/iftex\iftex.sty
Package: iftex 2024/12/12 v1.0g TeX engine tests
))
\Gm@cnth=\count283
\Gm@cntv=\count284
\c@Gm@tempcnt=\count285
\Gm@bindingoffset=\dimen151
\Gm@wd@mp=\dimen152
\Gm@odd@mp=\dimen153
\Gm@even@mp=\dimen154
\Gm@layoutwidth=\dimen155
\Gm@layoutheight=\dimen156
\Gm@layouthoffset=\dimen157
\Gm@layoutvoffset=\dimen158
\Gm@dimlist=\toks18

(C:\Users\1\AppData\Local\Programs\MiKTeX\tex/latex/geometry\geometry.cfg))
(C:\Users\1\AppData\Local\Programs\MiKTeX\tex/latex/amsmath\amsmath.sty
Package: amsmath 2025/07/09 v2.17z AMS math features
\@mathmargin=\skip51

For additional information on amsmath, use the `?' option.
(C:\Users\1\AppData\Local\Programs\MiKTeX\tex/latex/amsmath\amstext.sty
Package: amstext 2024/11/17 v2.01 AMS text

(C:\Users\1\AppData\Local\Programs\MiKTeX\tex/latex/amsmath\amsgen.sty
File: amsgen.sty 1999/11/30 v2.0 generic functions
\@emptytoks=\toks19
\ex@=\dimen159
))
(C:\Users\1\AppData\Local\Programs\MiKTeX\tex/latex/amsmath\amsbsy.sty
Package: amsbsy 1999/11/29 v1.2d Bold Symbols
\pmbraise@=\dimen160
)
(C:\Users\1\AppData\Local\Programs\MiKTeX\tex/latex/amsmath\amsopn.sty
Package: amsopn 2022/04/08 v2.04 operator names
)
\inf@bad=\count286
LaTeX Info: Redefining \frac on input line 233.
\uproot@=\count287
\leftroot@=\count288
LaTeX Info: Redefining \overline on input line 398.
LaTeX Info: Redefining \colon on input line 409.
\classnum@=\count289
\DOTSCASE@=\count290
LaTeX Info: Redefining \ldots on input line 495.
LaTeX Info: Redefining \dots on input line 498.
LaTeX Info: Redefining \cdots on input line 619.
\Mathstrutbox@=\box53
\strutbox@=\box54
LaTeX Info: Redefining \big on input line 721.
LaTeX Info: Redefining \Big on input line 722.
LaTeX Info: Redefining \bigg on input line 723.
LaTeX Info: Redefining \Bigg on input line 724.
\big@size=\dimen161
LaTeX Font Info:    Redeclaring font encoding OML on input line 742.
LaTeX Font Info:    Redeclaring font encoding OMS on input line 743.
\macc@depth=\count291
LaTeX Info: Redefining \bmod on input line 904.
LaTeX Info: Redefining \pmod on input line 909.
LaTeX Info: Redefining \smash on input line 939.
LaTeX Info: Redefining \relbar on input line 969.
LaTeX Info: Redefining \Relbar on input line 970.
\c@MaxMatrixCols=\count292
\dotsspace@=\muskip17
\c@parentequation=\count293
\dspbrk@lvl=\count294
\tag@help=\toks20
\row@=\count295
\column@=\count296
\maxfields@=\count297
\andhelp@=\toks21
\eqnshift@=\dimen162
\alignsep@=\dimen163
\tagshift@=\dimen164
\tagwidth@=\dimen165
\totwidth@=\dimen166
\lineht@=\dimen167
\@envbody=\toks22
\multlinegap=\skip52
\multlinetaggap=\skip53
\mathdisplay@stack=\toks23
LaTeX Info: Redefining \[ on input line 2950.
LaTeX Info: Redefining \] on input line 2951.
)
(C:\Users\1\AppData\Local\Programs\MiKTeX\tex/latex/amsfonts\amssymb.sty
Package: amssymb 2013/01/14 v3.01 AMS font symbols

(C:\Users\1\AppData\Local\Programs\MiKTeX\tex/latex/amsfonts\amsfonts.sty
Package: amsfonts 2013/01/14 v3.01 Basic AMSFonts support
\symAMSa=\mathgroup4
\symAMSb=\mathgroup5
LaTeX Font Info:    Redeclaring math symbol \hbar on input line 98.
LaTeX Font Info:    Overwriting math alphabet `\mathfrak' in version `bold'
(Font)                  U/euf/m/n --> U/euf/b/n on input line 106.
))
(C:\Users\1\AppData\Local\Programs\MiKTeX\tex/latex/booktabs\booktabs.sty
Package: booktabs 2020/01/12 v1.61803398 Publication quality tables
\heavyrulewidth=\dimen168
\lightrulewidth=\dimen169
\cmidrulewidth=\dimen170
\belowrulesep=\dimen171
\belowbottomsep=\dimen172
\aboverulesep=\dimen173
\abovetopsep=\dimen174
\cmidrulesep=\dimen175
\cmidrulekern=\dimen176
\defaultaddspace=\dimen177
\@cmidla=\count298
\@cmidlb=\count299
\@aboverulesep=\dimen178
\@belowrulesep=\dimen179
\@thisruleclass=\count300
\@lastruleclass=\count301
\@thisrulewidth=\dimen180
)
(C:\Users\1\AppData\Local\Programs\MiKTeX\tex/latex/graphics\graphicx.sty
Package: graphicx 2024/12/31 v1.2e Enhanced LaTeX Graphics (DPC,SPQR)

(C:\Users\1\AppData\Local\Programs\MiKTeX\tex/latex/graphics\graphics.sty
Package: graphics 2024/08/06 v1.4g Standard LaTeX Graphics (DPC,SPQR)

(C:\Users\1\AppData\Local\Programs\MiKTeX\tex/latex/graphics\trig.sty
Package: trig 2023/12/02 v1.11 sin cos tan (DPC)
)
(C:\Users\1\AppData\Local\Programs\MiKTeX\tex/latex/graphics-cfg\graphics.cfg
File: graphics.cfg 2016/06/04 v1.11 sample graphics configuration
)
Package graphics Info: Driver file: pdftex.def on input line 106.

(C:\Users\1\AppData\Local\Programs\MiKTeX\tex/latex/graphics-def\pdftex.def
File: pdftex.def 2025/09/29 v1.2d Graphics/color driver for pdftex
))
\Gin@req@height=\dimen181
\Gin@req@width=\dimen182
)
(C:\Users\1\AppData\Local\Programs\MiKTeX\tex/latex/hyperref\hyperref.sty
Package: hyperref 2026-04-24 v7.01q Hypertext links for LaTeX

(C:\Users\1\AppData\Local\Programs\MiKTeX\tex/latex/kvsetkeys\kvsetkeys.sty
Package: kvsetkeys 2022-10-05 v1.19 Key value parser (HO)
)
(C:\Users\1\AppData\Local\Programs\MiKTeX\tex/generic/kvdefinekeys\kvdefinekeys
.sty
Package: kvdefinekeys 2019-12-19 v1.6 Define keys (HO)
)
(C:\Users\1\AppData\Local\Programs\MiKTeX\tex/generic/pdfescape\pdfescape.sty
Package: pdfescape 2019/12/09 v1.15 Implements pdfTeX's escape features (HO)

(C:\Users\1\AppData\Local\Programs\MiKTeX\tex/generic/ltxcmds\ltxcmds.sty
Package: ltxcmds 2023-12-04 v1.26 LaTeX kernel commands for general use (HO)
)
(C:\Users\1\AppData\Local\Programs\MiKTeX\tex/generic/pdftexcmds\pdftexcmds.sty
Package: pdftexcmds 2020-06-27 v0.33 Utility functions of pdfTeX for LuaTeX (HO
)
(C:\Users\1\AppData\Local\Programs\MiKTeX\tex/generic/infwarerr\infwarerr.sty
Package: infwarerr 2019/12/03 v1.5 Providing info/warning/error messages (HO)
)
Package pdftexcmds Info: \pdf@primitive is available.
Package pdftexcmds Info: \pdf@ifprimitive is available.
Package pdftexcmds Info: \pdfdraftmode found.
)) (C:\Users\1\AppData\Local\Programs\MiKTeX\tex/latex/hycolor\hycolor.sty
Package: hycolor 2020-01-27 v1.10 Color options for hyperref/bookmark (HO)
)
(C:\Users\1\AppData\Local\Programs\MiKTeX\tex/latex/hyperref\nameref.sty
Package: nameref 2026-01-29 v2.58 Cross-referencing by name of section

(C:\Users\1\AppData\Local\Programs\MiKTeX\tex/latex/refcount\refcount.sty
Package: refcount 2019/12/15 v3.6 Data extraction from label references (HO)
)
(C:\Users\1\AppData\Local\Programs\MiKTeX\tex/generic/gettitlestring\gettitlest
ring.sty
Package: gettitlestring 2019/12/15 v1.6 Cleanup title references (HO)

(C:\Users\1\AppData\Local\Programs\MiKTeX\tex/latex/kvoptions\kvoptions.sty
Package: kvoptions 2022-06-15 v3.15 Key value format for package options (HO)
))
\c@section@level=\count302
)
(C:\Users\1\AppData\Local\Programs\MiKTeX\tex/latex/etoolbox\etoolbox.sty
Package: etoolbox 2025/10/02 v2.5m e-TeX tools for LaTeX (JAW)
\etb@tempcnta=\count303
)
(C:\Users\1\AppData\Local\Programs\MiKTeX\tex/generic/stringenc\stringenc.sty
Package: stringenc 2019/11/29 v1.12 Convert strings between diff. encodings (HO
)
)
\@linkdim=\dimen183
\Hy@linkcounter=\count304
\Hy@pagecounter=\count305

(C:\Users\1\AppData\Local\Programs\MiKTeX\tex/latex/hyperref\pd1enc.def
File: pd1enc.def 2026-04-24 v7.01q Hyperref: PDFDocEncoding definition (HO)
Now handling font encoding PD1 ...
... no UTF-8 mapping file for font encoding PD1
)
(C:\Users\1\AppData\Local\Programs\MiKTeX\tex/generic/intcalc\intcalc.sty
Package: intcalc 2019/12/15 v1.3 Expandable calculations with integers (HO)
)
\Hy@SavedSpaceFactor=\count306

(C:\Users\1\AppData\Local\Programs\MiKTeX\tex/latex/hyperref\puenc.def
File: puenc.def 2026-04-24 v7.01q Hyperref: PDF Unicode definition (HO)
Now handling font encoding PU ...
... no UTF-8 mapping file for font encoding PU
)
Package hyperref Info: Hyper figures OFF on input line 4199.
Package hyperref Info: Link nesting OFF on input line 4204.
Package hyperref Info: Hyper index ON on input line 4207.
Package hyperref Info: Plain pages OFF on input line 4214.
Package hyperref Info: Backreferencing OFF on input line 4219.
Package hyperref Info: Implicit mode ON; LaTeX internals redefined.
Package hyperref Info: Bookmarks ON on input line 4466.
\c@Hy@tempcnt=\count307

(C:\Users\1\AppData\Local\Programs\MiKTeX\tex/latex/url\url.sty
\Urlmuskip=\muskip18
Package: url 2013/09/16  ver 3.4  Verb mode for urls, etc.
)
LaTeX Info: Redefining \url on input line 4805.
\XeTeXLinkMargin=\dimen184

(C:\Users\1\AppData\Local\Programs\MiKTeX\tex/generic/bitset\bitset.sty
Package: bitset 2019/12/09 v1.3 Handle bit-vector datatype (HO)

(C:\Users\1\AppData\Local\Programs\MiKTeX\tex/generic/bigintcalc\bigintcalc.sty
Package: bigintcalc 2019/12/15 v1.5 Expandable calculations on big integers (HO
)
))
\Fld@menulength=\count308
\Field@Width=\dimen185
\Fld@charsize=\dimen186
Package hyperref Info: Hyper figures OFF on input line 6091.
Package hyperref Info: Link nesting OFF on input line 6096.
Package hyperref Info: Hyper index ON on input line 6099.
Package hyperref Info: backreferencing OFF on input line 6106.
Package hyperref Info: Link coloring OFF on input line 6111.
Package hyperref Info: Link coloring with OCG OFF on input line 6116.
Package hyperref Info: PDF/A mode OFF on input line 6121.
\Hy@abspage=\count309
\c@Item=\count310
\c@Hfootnote=\count311
)
Package hyperref Info: Driver (autodetected): hpdftex.
 (C:\Users\1\AppData\Local\Programs\MiKTeX\tex/latex/hyperref\hpdftex.def
File: hpdftex.def 2026-04-24 v7.01q Hyperref driver for pdfTeX
\Fld@listcount=\count312
\c@bookmark@seq@number=\count313

(C:\Users\1\AppData\Local\Programs\MiKTeX\tex/latex/rerunfilecheck\rerunfileche
ck.sty
Package: rerunfilecheck 2025-06-21 v1.11 Rerun checks for auxiliary files (HO)

(C:\Users\1\AppData\Local\Programs\MiKTeX\tex/generic/uniquecounter\uniquecount
er.sty
Package: uniquecounter 2019/12/15 v1.4 Provide unlimited unique counter (HO)
)
Package uniquecounter Info: New unique counter `rerunfilecheck' on input line 2
84.
)
\Hy@SectionHShift=\skip54
)
(C:\Users\1\AppData\Local\Programs\MiKTeX\tex/latex/tools\longtable.sty
Package: longtable 2025-10-13 v4.24 Multi-page Table package (DPC)
\LTleft=\skip55
\LTright=\skip56
\LTpre=\skip57
\LTpost=\skip58
\LTchunksize=\count314
\LTcapwidth=\dimen187
\LT@head=\box55
\LT@firsthead=\box56
\LT@foot=\box57
\LT@lastfoot=\box58
\LT@gbox=\box59
\LT@cols=\count315
\LT@rows=\count316
\c@LT@tables=\count317
\c@LT@chunks=\count318
\LT@p@ftn=\toks24
)
(C:\Users\1\AppData\Local\Programs\MiKTeX\tex/latex/enumitem\enumitem.sty
Package: enumitem 2025/02/06 v3.11 Customized lists
\labelindent=\skip59
\enit@outerparindent=\dimen188
\enit@toks=\toks25
\enit@inbox=\box60
\enit@count@id=\count319
\enitdp@description=\count320
)
(C:\Users\1\AppData\Local\Programs\MiKTeX\tex/latex/xcolor\xcolor.sty
Package: xcolor 2024/09/29 v3.02 LaTeX color extensions (UK)

(C:\Users\1\AppData\Local\Programs\MiKTeX\tex/latex/graphics-cfg\color.cfg
File: color.cfg 2016/01/02 v1.6 sample color configuration
)
Package xcolor Info: Driver file: pdftex.def on input line 274.

(C:\Users\1\AppData\Local\Programs\MiKTeX\tex/latex/graphics\mathcolor.ltx)
Package xcolor Info: Model `cmy' substituted by `cmy0' on input line 1349.
Package xcolor Info: Model `hsb' substituted by `rgb' on input line 1353.
Package xcolor Info: Model `RGB' extended on input line 1365.
Package xcolor Info: Model `HTML' substituted by `rgb' on input line 1367.
Package xcolor Info: Model `Hsb' substituted by `hsb' on input line 1368.
Package xcolor Info: Model `tHsb' substituted by `hsb' on input line 1369.
Package xcolor Info: Model `HSB' substituted by `hsb' on input line 1370.
Package xcolor Info: Model `Gray' substituted by `gray' on input line 1371.
Package xcolor Info: Model `wave' substituted by `hsb' on input line 1372.
)
(C:\Users\1\AppData\Local\Programs\MiKTeX\tex/latex/float\float.sty
Package: float 2001/11/08 v1.3d Float enhancements (AL)
\c@float@type=\count321
\float@exts=\toks26
\float@box=\box61
\@float@everytoks=\toks27
\@floatcapt=\box62
)
(C:\Users\1\AppData\Local\Programs\MiKTeX\tex/latex/tools\xr.sty
Package: xr 2024-12-22 v6.00 eXternal References (DPC)
)

Package xr Warning: 
No file paper_nips_SUBMISSION_v11.8.aux
LABELS NOT IMPORTED.
 on input line 6.


(C:\Users\1\AppData\Local\Programs\MiKTeX\tex/latex/l3backend\l3backend-pdftex.
def
File: l3backend-pdftex.def 2026-02-18 L3 backend support: PDF output (pdfTeX)
\l__color_backend_stack_int=\count322
) (PGOB_supplementary.aux)
\openout1 = `PGOB_supplementary.aux'.

LaTeX Font Info:    Checking defaults for OML/cmm/m/it on input line 10.
LaTeX Font Info:    ... okay on input line 10.
LaTeX Font Info:    Checking defaults for OMS/cmsy/m/n on input line 10.
LaTeX Font Info:    ... okay on input line 10.
LaTeX Font Info:    Checking defaults for OT1/cmr/m/n on input line 10.
LaTeX Font Info:    ... okay on input line 10.
LaTeX Font Info:    Checking defaults for T1/cmr/m/n on input line 10.
LaTeX Font Info:    ... okay on input line 10.
LaTeX Font Info:    Checking defaults for TS1/cmr/m/n on input line 10.
LaTeX Font Info:    ... okay on input line 10.
LaTeX Font Info:    Checking defaults for OMX/cmex/m/n on input line 10.
LaTeX Font Info:    ... okay on input line 10.
LaTeX Font Info:    Checking defaults for U/cmr/m/n on input line 10.
LaTeX Font Info:    ... okay on input line 10.
LaTeX Font Info:    Checking defaults for PD1/pdf/m/n on input line 10.
LaTeX Font Info:    ... okay on input line 10.
LaTeX Font Info:    Checking defaults for PU/pdf/m/n on input line 10.
LaTeX Font Info:    ... okay on input line 10.

*geometry* driver: auto-detecting
*geometry* detected driver: pdftex
*geometry* verbose mode - [ preamble ] result:
* driver: pdftex
* paper: <default>
* layout: <same size as paper>
* layoutoffset:(h,v)=(0.0pt,0.0pt)
* modes: 
* h-part:(L,W,R)=(72.26999pt, 469.75502pt, 72.26999pt)
* v-part:(T,H,B)=(72.26999pt, 650.43001pt, 72.26999pt)
* \paperwidth=614.295pt
* \paperheight=794.96999pt
* \textwidth=469.75502pt
* \textheight=650.43001pt
* \oddsidemargin=0.0pt
* \evensidemargin=0.0pt
* \topmargin=-37.0pt
* \headheight=12.0pt
* \headsep=25.0pt
* \topskip=11.0pt
* \footskip=30.0pt
* \marginparwidth=59.0pt
* \marginparsep=10.0pt
* \columnsep=10.0pt
* \skip\footins=10.0pt plus 4.0pt minus 2.0pt
* \hoffset=0.0pt
* \voffset=0.0pt
* \mag=1000
* \@twocolumnfalse
* \@twosidefalse
* \@mparswitchfalse
* \@reversemarginfalse
* (1in=72.27pt=25.4mm, 1cm=28.453pt)

(C:\Users\1\AppData\Local\Programs\MiKTeX\tex/context/base/mkii\supp-pdf.mkii
[Loading MPS to PDF converter (version 2006.09.02).]
\scratchcounter=\count323
\scratchdimen=\dimen189
\scratchbox=\box63
\nofMPsegments=\count324
\nofMParguments=\count325
\everyMPshowfont=\toks28
\MPscratchCnt=\count326
\MPscratchDim=\dimen190
\MPnumerator=\count327
\makeMPintoPDFobject=\count328
\everyMPtoPDFconversion=\toks29
)
(C:\Users\1\AppData\Local\Programs\MiKTeX\tex/latex/epstopdf-pkg\epstopdf-base.
sty
Package: epstopdf-base 2020-01-24 v2.11 Base part for package epstopdf
Package epstopdf-base Info: Redefining graphics rule for `.eps' on input line 4
85.

(C:\Users\1\AppData\Local\Programs\MiKTeX\tex/latex/00miktex\epstopdf-sys.cfg
File: epstopdf-sys.cfg 2021/03/18 v2.0 Configuration of epstopdf for MiKTeX
))
Package hyperref Info: Link coloring OFF on input line 10.
(PGOB_supplementary.out) (PGOB_supplementary.out)
\@outlinefile=\write3
\openout3 = `PGOB_supplementary.out'.

LaTeX Font Info:    Trying to load font information for U+msa on input line 12.


(C:\Users\1\AppData\Local\Programs\MiKTeX\tex/latex/amsfonts\umsa.fd
File: umsa.fd 2013/01/14 v3.01 AMS symbols A
)
LaTeX Font Info:    Trying to load font information for U+msb on input line 12.


(C:\Users\1\AppData\Local\Programs\MiKTeX\tex/latex/amsfonts\umsb.fd
File: umsb.fd 2013/01/14 v3.01 AMS symbols B
)
(PGOB_supplementary.toc [1

{C:/Users/1/AppData/Local/MiKTeX/fonts/map/pdftex/pdftex.map}])
\tf@toc=\write4
\openout4 = `PGOB_supplementary.toc'.

LaTeX Font Info:    Trying to load font information for OMS+cmtt on input line 
21.
LaTeX Font Info:    No file OMScmtt.fd. on input line 21.


LaTeX Font Warning: Font shape `OMS/cmtt/m/n' undefined
(Font)              using `OMS/cmsy/m/n' instead
(Font)              for symbol `textbraceleft' on input line 21.


Overfull \hbox (18.15848pt too wide) in paragraph at lines 21--22
\OT1/cmtt/m/n/10.95 run[]calibration.py --sim \OMS/cmtt/m/n/10.95 f\OT1/cmtt/m/
n/10.95 worm,modworm,fly,flygym\OMS/cmtt/m/n/10.95 g \OT1/cmtt/m/n/10.95 --scal
e s --seed k --opt cmaes[]sep\OT1/cmr/m/n/10.95 . 
 []


Overfull \hbox (18.5792pt too wide) in paragraph at lines 29--43
 [][] 
 []

[2]

LaTeX Warning: Reference `sec:intro' on page 3 undefined on input line 52.


Underfull \hbox (badness 2903) in paragraph at lines 60--60
[]\OT1/cmr/m/n/9 F1 ab-la-tion neu-ral con-trol ($10$
 []


Underfull \hbox (badness 1596) in paragraph at lines 63--63
[]\OT1/cmr/m/n/9 Useful but mild ($\OMS/cmsy/m/n/9 ^^@\OT1/cmr/m/n/9 1\OML/cmm/
m/it/9 :\OT1/cmr/m/n/9 1%$/$\OMS/cmsy/m/n/9 ^^@\OT1/cmr/m/n/9 5\OML/cmm/m/it/9 
:\OT1/cmr/m/n/9 5%$/$\OMS/cmsy/m/n/9 ^^@\OT1/cmr/m/n/9 2\OML/cmm/m/it/9 :\OT1/c
mr/m/n/9 0%$ held-out
 []


Underfull \hbox (badness 7451) in paragraph at lines 65--65
[]\OT1/cmr/m/n/9 41-experiment GAN-as-loss col-
 []


Underfull \hbox (badness 10000) in paragraph at lines 66--66
[]\OT1/cmr/m/n/9 Same-species parameter-prior
 []


Underfull \hbox (badness 10000) in paragraph at lines 66--66
[]\OT1/cmr/m/n/9 Genuine same-species res-cue
 []


Underfull \hbox (badness 10000) in paragraph at lines 66--66
\OT1/cmr/m/n/9 (BAAIWorm$\OMS/cmsy/m/n/9 !$\OT1/cmr/m/n/9 modWorm $\OML/cmm/m/i
t/9 N[]\OT1/cmr/m/n/9 16$, fly-body self-
 []

[3
pdfTeX warning (ext4): destination with the same identifier (name{table.1}) has
 been already used, duplicate ignored
<argument> ...shipout:D \box_use:N \l_shipout_box 
                                                  \__shipout_drop_firstpage_...
l.72 
     {C:/Users/1/AppData/Local/Programs/MiKTeX/fonts/enc/dvips/cm-super/cm-supe
r-ts1.enc}] [4
pdfTeX warning (ext4): destination with the same identifier (name{table.2}) has
 been already used, duplicate ignored
<argument> ...shipout:D \box_use:N \l_shipout_box 
                                                  \__shipout_drop_firstpage_...
l.114 
      ] [5
pdfTeX warning (ext4): destination with the same identifier (name{table.3}) has
 been already used, duplicate ignored
<argument> ...shipout:D \box_use:N \l_shipout_box 
                                                  \__shipout_drop_firstpage_...
l.140 B
       ootstrap $B{=}1000$ on OWMD-N2 under the canonical robust estimator: ...
]

LaTeX Warning: Reference `tab:loso_summary' on page 6 undefined on input line 1
46.


Package hyperref Warning: Token not allowed in a PDF string (Unicode):
(hyperref)                removing `math shift' on input line 150.


Package hyperref Warning: Token not allowed in a PDF string (Unicode):
(hyperref)                removing `math shift' on input line 150.


Overfull \hbox (109.23232pt too wide) in alignment at lines 151--152
 [] [] [] [] [] [] [] 
 []


Overfull \hbox (109.23232pt too wide) in alignment at lines 152--186
 [] [] [] [] [] [] [] 
 []

[6
pdfTeX warning (ext4): destination with the same identifier (name{table.4}) has
 been already used, duplicate ignored
<argument> ...shipout:D \box_use:N \l_shipout_box 
                                                  \__shipout_drop_firstpage_...
l.186 \end{longtable}
                     ]

Package hyperref Warning: Token not allowed in a PDF string (Unicode):
(hyperref)                removing `math shift' on input line 190.


Package hyperref Warning: Token not allowed in a PDF string (Unicode):
(hyperref)                removing `math shift' on input line 190.

[7]

LaTeX Warning: Reference `sec:init_transfer' on page 8 undefined on input line 
207.


LaTeX Warning: Reference `sec:init_transfer' on page 8 undefined on input line 
217.

[8
pdfTeX warning (ext4): destination with the same identifier (name{table.6}) has
 been already used, duplicate ignored
<argument> ...shipout:D \box_use:N \l_shipout_box 
                                                  \__shipout_drop_firstpage_...
l.221 
      ]

Package hyperref Warning: Token not allowed in a PDF string (Unicode):
(hyperref)                removing `math shift' on input line 233.


Package hyperref Warning: Token not allowed in a PDF string (Unicode):
(hyperref)                removing `\times' on input line 233.


Package hyperref Warning: Token not allowed in a PDF string (Unicode):
(hyperref)                removing `math shift' on input line 233.


Overfull \hbox (67.04893pt too wide) in paragraph at lines 257--258
\OT1/cmr/m/n/10.95 FlyGym $\OML/cmm/m/it/10.95 T[]\OMS/cmtt/m/n/10.95 f\OT1/cmr
/m/n/10.95 100\OML/cmm/m/it/10.95 ; \OT1/cmr/m/n/10.95 300\OML/cmm/m/it/10.95 ;
 \OT1/cmr/m/n/10.95 500\OML/cmm/m/it/10.95 ; \OT1/cmr/m/n/10.95 1000\OMS/cmtt/m
/n/10.95 g$ \OT1/cmr/m/n/10.95 PGOB close-ness $\OMS/cmtt/m/n/10.95 f\OT1/cmr/m
/n/10.95 0\OML/cmm/m/it/10.95 :\OT1/cmr/m/n/10.95 501\OML/cmm/m/it/10.95 ; \OT1
/cmr/m/n/10.95 0\OML/cmm/m/it/10.95 :\OT1/cmr/m/n/10.95 404\OML/cmm/m/it/10.95 
; \OT1/cmr/m/n/10.95 0\OML/cmm/m/it/10.95 :\OT1/cmr/m/n/10.95 409\OML/cmm/m/it/
10.95 ; \OT1/cmr/m/n/10.95 0\OML/cmm/m/it/10.95 :\OT1/cmr/m/n/10.95 496\OMS/cmt
t/m/n/10.95 g$ \OT1/cmr/m/n/10.95 vs de-fault $\OMS/cmtt/m/n/10.95 f\OT1/cmr/m/
n/10.95 0\OML/cmm/m/it/10.95 :\OT1/cmr/m/n/10.95 637\OML/cmm/m/it/10.95 ; \OT1/
cmr/m/n/10.95 0\OML/cmm/m/it/10.95 :\OT1/cmr/m/n/10.95 580\OML/cmm/m/it/10.95 ;
 \OT1/cmr/m/n/10.95 0\OML/cmm/m/it/10.95 :\OT1/cmr/m/n/10.95 556\OML/cmm/m/it/1
0.95 ; \OT1/cmr/m/n/10.95 0\OML/cmm/m/it/10.95 :\OT1/cmr/m/n/10.95 546\OMS/cmtt
/m/n/10.95 g$
 []


Overfull \hbox (51.79628pt too wide) in paragraph at lines 257--258
\OT1/cmr/m/n/10.95 -- PGOB out-per-forms de-fault at ev-ery $\OML/cmm/m/it/10.9
5 T$\OT1/cmr/m/n/10.95 . BAAI-Worm $\OML/cmm/m/it/10.95 T[]\OMS/cmtt/m/n/10.95 
f\OT1/cmr/m/n/10.95 100\OML/cmm/m/it/10.95 ; \OT1/cmr/m/n/10.95 300\OML/cmm/m/i
t/10.95 ; \OT1/cmr/m/n/10.95 1000\OML/cmm/m/it/10.95 ; \OT1/cmr/m/n/10.95 2000\
OMS/cmtt/m/n/10.95 g$ \OT1/cmr/m/n/10.95 close-ness $\OMS/cmtt/m/n/10.95 f\OT1/
cmr/m/n/10.95 4\OML/cmm/m/it/10.95 :\OT1/cmr/m/n/10.95 83\OML/cmm/m/it/10.95 ; 
\OT1/cmr/m/n/10.95 5\OML/cmm/m/it/10.95 :\OT1/cmr/m/n/10.95 43\OML/cmm/m/it/10.
95 ; \OT1/cmr/m/n/10.95 6\OML/cmm/m/it/10.95 :\OT1/cmr/m/n/10.95 15\OML/cmm/m/i
t/10.95 ; \OT1/cmr/m/n/10.95 5\OML/cmm/m/it/10.95 :\OT1/cmr/m/n/10.95 78\OMS/cm
tt/m/n/10.95 g$
 []

[9
pdfTeX warning (ext4): destination with the same identifier (name{table.7}) has
 been already used, duplicate ignored
<argument> ...shipout:D \box_use:N \l_shipout_box 
                                                  \__shipout_drop_firstpage_...
l.261 
      
pdfTeX warning (ext4): destination with the same identifier (name{table.8}) has
 been already used, duplicate ignored
<argument> ...shipout:D \box_use:N \l_shipout_box 
                                                  \__shipout_drop_firstpage_...
l.261 
      ]

LaTeX Warning: Reference `sec:sbi_engine' on page 10 undefined on input line 26
4.


LaTeX Warning: Reference `tab:sbi_baseline' on page 10 undefined on input line 
266.

[10]
Overfull \hbox (14.81311pt too wide) in paragraph at lines 280--281
\OT1/cmr/bx/n/10.95 Aggregate cross-sim sum-mary: \OT1/cmr/m/n/10.95 Fly-Gym $1
3\OML/cmm/m/it/10.95 :\OT1/cmr/m/n/10.95 30\OML/cmm/m/it/10.95 =\OT1/cmr/m/n/10
.95 10\OML/cmm/m/it/10.95 :\OT1/cmr/m/n/10.95 78\OML/cmm/m/it/10.95 =\OT1/cmr/m
/n/10.95 10\OML/cmm/m/it/10.95 :\OT1/cmr/m/n/10.95 64$ ($[]$); mod-Worm $13\OML
/cmm/m/it/10.95 :\OT1/cmr/m/n/10.95 84\OML/cmm/m/it/10.95 =\OT1/cmr/m/n/10.95 1
3\OML/cmm/m/it/10.95 :\OT1/cmr/m/n/10.95 94\OML/cmm/m/it/10.95 =\OT1/cmr/m/n/10
.95 12\OML/cmm/m/it/10.95 :\OT1/cmr/m/n/10.95 85$
 []


Overfull \hbox (43.66931pt too wide) in alignment at lines 283--284
 [] [] [] [] [] 
 []


Overfull \hbox (43.66931pt too wide) in alignment at lines 284--296
 [] [] [] [] [] 
 []

[11]
Underfull \hbox (badness 10000) in paragraph at lines 335--335
[]\OT1/cmr/m/n/6 Zenodo 10.5281/zen-
 []


Overfull \hbox (6.7067pt too wide) in paragraph at lines 335--335
[]\OT1/cmtt/m/n/6 391764fad516400fe75fb8bfa4595b02719712f580f3d2e6c98445ba9e149
5f3| 
 []


Underfull \hbox (badness 10000) in paragraph at lines 335--336
[]\OT1/cmr/m/n/6 218
 []


Overfull \hbox (6.7067pt too wide) in paragraph at lines 336--336
[]\OT1/cmtt/m/n/6 5f099ddedc3a459eaccc876e847cfc45b11bf96bdff50c3a8640d702fc7b4
fbd| 
 []


Overfull \hbox (6.7067pt too wide) in paragraph at lines 337--337
[]\OT1/cmtt/m/n/6 6b6417ca4133f0702410a2f364b1aea4daa14c560e832564b3024402a5eeb
579| 
 []


Overfull \hbox (6.7067pt too wide) in paragraph at lines 338--338
[]\OT1/cmtt/m/n/6 53503ef551441a20b02486244314715d6f78e31dca244a52f8469053f10a7
352| 
 []


Underfull \hbox (badness 10000) in paragraph at lines 339--339
[]\OT1/cmr/m/n/6 Zenodo 10.5281/zen-
 []


Overfull \hbox (6.7067pt too wide) in paragraph at lines 339--339
[]\OT1/cmtt/m/n/6 001b012823f47c7c86fc03067f9159b1b70afccd20c2efa458366a94f4307
2a3| 
 []


Underfull \hbox (badness 10000) in paragraph at lines 339--340
[]\OT1/cmr/m/n/6 612
 []


Underfull \hbox (badness 10000) in paragraph at lines 340--340
[]\OT1/cmr/m/n/6 Zenodo 10.5281/zen-
 []


Overfull \hbox (6.7067pt too wide) in paragraph at lines 340--340
[]\OT1/cmtt/m/n/6 f2f9a31099339440c61e7479049f9ecb57bc7099dd4b369819b0ca7a14806
a6a| 
 []


Underfull \hbox (badness 10000) in paragraph at lines 341--341
[]\OT1/cmr/m/n/6 Figshare
 []


Overfull \hbox (6.7067pt too wide) in paragraph at lines 341--341
[]\OT1/cmtt/m/n/6 b1825e91742f09b0a4a1707febdef95263ebe3cf04aec36ac94960385f3ab
caf| 
 []


Underfull \hbox (badness 10000) in paragraph at lines 341--342
[]\OT1/cmr/m/n/6 184
 []


Overfull \hbox (6.7067pt too wide) in paragraph at lines 342--342
[]\OT1/cmtt/m/n/6 0bafd7199de3cb9d3a8701c295f0c8f1304a002dc5126fbe3f65dca050768
0b8| 
 []


Overfull \hbox (6.7067pt too wide) in paragraph at lines 343--343
[]\OT1/cmtt/m/n/6 bc3f8b47c26e9552c059b2b6a79907250cab20aa60f885824200fe034d171
4ae| 
 []


Underfull \hbox (badness 10000) in paragraph at lines 344--344
[]\OT1/cmr/m/n/6 github.com/BAAI-
 []


Overfull \hbox (6.7067pt too wide) in paragraph at lines 344--344
[]\OT1/cmtt/m/n/6 16821c01a75294c1b0bc42b9dea2ca2ea812d22e3ee60fefbdb69350508fa
af7| 
 []


Overfull \hbox (39.42929pt too wide) in paragraph at lines 345--345
[]\OT1/cmr/m/n/6 github.com/ShlizermanLab/modWorm| 
 []


Overfull \hbox (6.7067pt too wide) in paragraph at lines 345--345
[]\OT1/cmtt/m/n/6 7c27d2e7d9a99312112956204ded10d6ff39a58639a2a41a649a2afb2f2c8
cb3| 
 []


Overfull \hbox (36.3293pt too wide) in paragraph at lines 346--346
[]\OT1/cmr/m/n/6 github.com/TuragaLab/flybody@v1.0| 
 []


Overfull \hbox (6.7067pt too wide) in paragraph at lines 346--346
[]\OT1/cmtt/m/n/6 8c5bd343c1cf805234c039f35b22a23a4c2fc53bdc65fb6c8561311668f50
29f| 
 []


Underfull \hbox (badness 10000) in paragraph at lines 346--347
[]\OT1/cmr/m/n/6 142
 []


Overfull \hbox (40.37375pt too wide) in paragraph at lines 347--347
[]\OT1/cmr/m/n/6 github.com/ChenxiHeCam/Parameter-
 []


Underfull \hbox (badness 10000) in paragraph at lines 347--347
\OT1/cmr/m/n/6 Generation-by-Observed-
 []


Overfull \hbox (6.7067pt too wide) in paragraph at lines 347--347
[]\OT1/cmtt/m/n/6 93fa70fa992e38a70366ffd869ae732c4a33757f969587fbfffd857f10e17
3b2| 
 []


Underfull \hbox (badness 10000) in paragraph at lines 347--348
[]\OT1/cmr/m/n/6 124
 []


Underfull \hbox (badness 10000) in paragraph at lines 348--348
[]\OT1/cmr/m/n/6 Zenodo (archived on
 []


Underfull \hbox (badness 10000) in paragraph at lines 348--348
\OT1/cmr/m/n/6 ac-cep-tance, GitHub-tag
 []


Overfull \hbox (6.7067pt too wide) in paragraph at lines 348--348
[]\OT1/cmtt/m/n/6 d9647727caf80aaad996a364fadae945b339f508cb7e2568ee3187db5da26
c73| 
 []


Underfull \hbox (badness 10000) in paragraph at lines 348--348
[]\OT1/cmr/m/n/6 860
 []


Overfull \hbox (26.51141pt too wide) in paragraph at lines 354--355
\OT1/cmr/m/n/10.95 MIT-licensed at []$\OT1/cmtt/m/n/10.95 https : / / github . 
com / ChenxiHeCam / Parameter-[]Generation-[]by-[]Observed-[]Behavior$[]\OT1/cm
r/m/n/10.95 ,
 []

[12
pdfTeX warning (ext4): destination with the same identifier (name{table.10}) ha
s been already used, duplicate ignored
<argument> ...shipout:D \box_use:N \l_shipout_box 
                                                  \__shipout_drop_firstpage_...
l.356 \subsection
                 {Per-figure reproduction (S6.3)}]
Overfull \hbox (22.15784pt too wide) in paragraph at lines 369--370
\OT1/cmr/bx/n/10.95 Code. \OT1/cmr/m/n/10.95 MIT at []$\OT1/cmtt/m/n/10.95 http
s : / / github . com / ChenxiHeCam / Parameter-[]Generation-[]by-[]Observed-[]B
ehavior$[]\OT1/cmr/m/n/10.95 ,
 []

[13]
<figures/Fig_trajectory_compare.pdf, id=306, 731.1779pt x 283.91446pt>
File: figures/Fig_trajectory_compare.pdf Graphic file (type pdf)
<use figures/Fig_trajectory_compare.pdf>
Package pdftex.def Info: figures/Fig_trajectory_compare.pdf  used on input line
 390.
(pdftex.def)             Requested size: 469.75502pt x 182.40643pt.
<figures/Fig17_v2_FlyGym_cross_task_matrix.pdf, id=309, 462.52798pt x 390.25798
pt>
File: figures/Fig17_v2_FlyGym_cross_task_matrix.pdf Graphic file (type pdf)
<use figures/Fig17_v2_FlyGym_cross_task_matrix.pdf>
Package pdftex.def Info: figures/Fig17_v2_FlyGym_cross_task_matrix.pdf  used on
 input line 395.
(pdftex.def)             Requested size: 399.29463pt x 336.91942pt.
 [14
pdfTeX warning (ext4): destination with the same identifier (name{figure.1}) ha
s been already used, duplicate ignored
<argument> ...shipout:D \box_use:N \l_shipout_box 
                                                  \__shipout_drop_firstpage_...
l.399 
       <./figures/Fig_trajectory_compare.pdf>]
<figures/Fig16_v2_joint_vs_single_robust.pdf, id=412, 582.57664pt x 299.0028pt>

File: figures/Fig16_v2_joint_vs_single_robust.pdf Graphic file (type pdf)
<use figures/Fig16_v2_joint_vs_single_robust.pdf>
Package pdftex.def Info: figures/Fig16_v2_joint_vs_single_robust.pdf  used on i
nput line 400.
(pdftex.def)             Requested size: 399.29463pt x 204.93887pt.


LaTeX Warning: Reference `tab:joint_ood' on page 15 undefined on input line 401
.


LaTeX Warning: Reference `tab:joint_ood' on page 15 undefined on input line 401
.

[15
pdfTeX warning (ext4): destination with the same identifier (name{figure.2}) ha
s been already used, duplicate ignored
<argument> ...shipout:D \box_use:N \l_shipout_box 
                                                  \__shipout_drop_firstpage_...
l.404 
       <./figures/Fig17_v2_FlyGym_cross_task_matrix.pdf>]
<figures/fig14_realcal_feature_compare.png, id=479, 785.334pt x 335.3328pt>
File: figures/fig14_realcal_feature_compare.png Graphic file (type png)
<use figures/fig14_realcal_feature_compare.png>
Package pdftex.def Info: figures/fig14_realcal_feature_compare.png  used on inp
ut line 405.
(pdftex.def)             Requested size: 446.26582pt x 190.55324pt.
 [16
pdfTeX warning (ext4): destination with the same identifier (name{figure.3}) ha
s been already used, duplicate ignored
<argument> ...shipout:D \box_use:N \l_shipout_box 
                                                  \__shipout_drop_firstpage_...
l.428 \end{table}
                 
pdfTeX warning (ext4): destination with the same identifier (name{figure.4}) ha
s been already used, duplicate ignored
<argument> ...shipout:D \box_use:N \l_shipout_box 
                                                  \__shipout_drop_firstpage_...
l.428 \end{table}
                  <./figures/Fig16_v2_joint_vs_single_robust.pdf> <./figures/fi
g14_realcal_feature_compare.png>]
Overfull \hbox (17.85938pt too wide) in paragraph at lines 442--442
[]\OT1/cmr/bx/n/14.4 Default-vs-PGOB sig-nif-i-cance sweep + fly-body scale swe
ep (S4.21) 
 []

[17
pdfTeX warning (ext4): destination with the same identifier (name{table.11}) ha
s been already used, duplicate ignored
<argument> ...shipout:D \box_use:N \l_shipout_box 
                                                  \__shipout_drop_firstpage_...
l.446 
      
pdfTeX warning (ext4): destination with the same identifier (name{table.12}) ha
s been already used, duplicate ignored
<argument> ...shipout:D \box_use:N \l_shipout_box 
                                                  \__shipout_drop_firstpage_...
l.446 
      ]
Overfull \hbox (41.94742pt too wide) in paragraph at lines 455--461
 [] 
 []

[18] (PGOB_supplementary.aux)
 ***********
LaTeX2e <2025-11-01>
L3 programming layer <2026-03-20>
 ***********


LaTeX Font Warning: Some font shapes were not available, defaults substituted.


LaTeX Warning: There were undefined references.


LaTeX Warning: Label(s) may have changed. Rerun to get cross-references right.

Package rerunfilecheck Info: File `PGOB_supplementary.out' has not changed.
(rerunfilecheck)             Checksum: 13019AF92CDD81BCF526237CDB5FC714;10476.
 ) 
Here is how much of TeX's memory you used:
 11489 strings out of 467691
 176937 string characters out of 5416924
 627165 words of memory out of 5000000
 40314 multiletter control sequences out of 15000+600000
 643151 words of font info for 99 fonts, out of 8000000 for 9000
 1141 hyphenation exceptions out of 8191
 75i,14n,79p,1373b,562s stack positions out of 10000i,1000n,20000p,200000b,200000s
<C:/Users/1/AppData/Local/Programs/MiKTeX/fonts/type1/public/amsfonts/cm/cmbx
10.pfb><C:/Users/1/AppData/Local/Programs/MiKTeX/fonts/type1/public/amsfonts/cm
/cmbx12.pfb><C:/Users/1/AppData/Local/Programs/MiKTeX/fonts/type1/public/amsfon
ts/cm/cmbxti10.pfb><C:/Users/1/AppData/Local/Programs/MiKTeX/fonts/type1/public
/amsfonts/cm/cmex10.pfb><C:/Users/1/AppData/Local/Programs/MiKTeX/fonts/type1/p
ublic/amsfonts/cm/cmmi10.pfb><C:/Users/1/AppData/Local/Programs/MiKTeX/fonts/ty
pe1/public/amsfonts/cm/cmmi6.pfb><C:/Users/1/AppData/Local/Programs/MiKTeX/font
s/type1/public/amsfonts/cm/cmmi7.pfb><C:/Users/1/AppData/Local/Programs/MiKTeX/
fonts/type1/public/amsfonts/cm/cmmi8.pfb><C:/Users/1/AppData/Local/Programs/MiK
TeX/fonts/type1/public/amsfonts/cm/cmmi9.pfb><C:/Users/1/AppData/Local/Programs
/MiKTeX/fonts/type1/public/amsfonts/cm/cmr10.pfb><C:/Users/1/AppData/Local/Prog
rams/MiKTeX/fonts/type1/public/amsfonts/cm/cmr12.pfb><C:/Users/1/AppData/Local/
Programs/MiKTeX/fonts/type1/public/amsfonts/cm/cmr17.pfb><C:/Users/1/AppData/Lo
cal/Programs/MiKTeX/fonts/type1/public/amsfonts/cm/cmr6.pfb><C:/Users/1/AppData
/Local/Programs/MiKTeX/fonts/type1/public/amsfonts/cm/cmr7.pfb><C:/Users/1/AppD
ata/Local/Programs/MiKTeX/fonts/type1/public/amsfonts/cm/cmr8.pfb><C:/Users/1/A
ppData/Local/Programs/MiKTeX/fonts/type1/public/amsfonts/cm/cmr9.pfb><C:/Users/
1/AppData/Local/Programs/MiKTeX/fonts/type1/public/amsfonts/cm/cmsy10.pfb><C:/U
sers/1/AppData/Local/Programs/MiKTeX/fonts/type1/public/amsfonts/cm/cmsy6.pfb><
C:/Users/1/AppData/Local/Programs/MiKTeX/fonts/type1/public/amsfonts/cm/cmsy8.p
fb><C:/Users/1/AppData/Local/Programs/MiKTeX/fonts/type1/public/amsfonts/cm/cms
y9.pfb><C:/Users/1/AppData/Local/Programs/MiKTeX/fonts/type1/public/amsfonts/cm
/cmti10.pfb><C:/Users/1/AppData/Local/Programs/MiKTeX/fonts/type1/public/amsfon
ts/cm/cmti7.pfb><C:/Users/1/AppData/Local/Programs/MiKTeX/fonts/type1/public/am
sfonts/cm/cmtt10.pfb><C:/Users/1/AppData/Local/Programs/MiKTeX/fonts/type1/publ
ic/amsfonts/cm/cmtt12.pfb><C:/Users/1/AppData/Local/Programs/MiKTeX/fonts/type1
/public/amsfonts/cm/cmtt8.pfb><C:/Users/1/AppData/Local/Programs/MiKTeX/fonts/t
ype1/public/amsfonts/cm/cmtt9.pfb><C:/Users/1/AppData/Local/Programs/MiKTeX/fon
ts/type1/public/amsfonts/symbols/msam10.pfb><C:/Users/1/AppData/Local/Programs/
MiKTeX/fonts/type1/public/cm-super/sfbx1095.pfb><C:/Users/1/AppData/Local/Progr
ams/MiKTeX/fonts/type1/public/cm-super/sfrm1095.pfb>
Output written on PGOB_supplementary.pdf (18 pages, 945990 bytes).
PDF statistics:
 697 PDF objects out of 1000 (max. 8388607)
 78 named destinations out of 1000 (max. 500000)
 349 words of extra memory for PDF output out of 10000 (max. 10000000)

